Arguments: 
  /home/nicolas/.nvm/versions/node/v18.18.0/bin/node /mnt/c/Users/nicol/AppData/Roaming/npm/node_modules/yarn/bin/yarn.js add @solady/src

PATH: 
  /home/nicolas/.vscode-server/bin/8b3775030ed1a69b13e4f4c628c612102e30a681/bin/remote-cli:/home/nicolas/.nvm/versions/node/v18.18.0/bin:/usr/local/sbin:/usr/local/bin:/usr/sbin:/usr/bin:/sbin:/bin:/usr/games:/usr/local/games:/usr/lib/wsl/lib:/mnt/c/Program Files (x86)/Common Files/Intel/Shared Libraries/redist/intel64/compiler:/mnt/c/Program Files (x86)/Common Files/Oracle/Java/javapath:/mnt/c/Program Files/Eclipse Adoptium/jdk-17.0.2.8-hotspot/bin:/mnt/c/WINDOWS/system32:/mnt/c/WINDOWS:/mnt/c/WINDOWS/System32/Wbem:/mnt/c/WINDOWS/System32/WindowsPowerShell/v1.0/:/mnt/c/WINDOWS/System32/OpenSSH/:/mnt/c/MinGW/bin:/mnt/c/Program Files/Git/cmd:/mnt/c/Program Files/Git/bin/git.exe:/mnt/c/Program Files/Git LFS:/mnt/c/Program Files/dotnet/:/mnt/c/Program Files/nodejs/:/mnt/c/Program Files/Docker/Docker/resources/bin:/mnt/c/Users/nicol/AppData/Local/Programs/Python/Python310/Scripts/:/mnt/c/Users/nicol/AppData/Local/Programs/Python/Python310/:/mnt/c/Users/nicol/AppData/Local/Microsoft/WindowsApps:/mnt/c/Users/nicol/AppData/Local/Programs/Microsoft VS Code/bin:/mnt/c/Users/nicol/AppData/Roaming/npm:/snap/bin:/home/nicolas/.foundry/bin:/home/nicolas/.foundry/bin:/home/nicolas/.foundry/bin:/home/nicolas/.foundry/bin:/home/nicolas/.foundry/bin:/home/nicolas/.foundry/bin

Yarn version: 
  1.22.17

Node version: 
  18.18.0

Platform: 
  linux x64

Trace: 
  Error: https://registry.yarnpkg.com/@solady%2fsrc: Not found
      at params.callback [as _callback] (/mnt/c/Users/nicol/AppData/Roaming/npm/node_modules/yarn/lib/cli.js:67029:18)
      at self.callback (/mnt/c/Users/nicol/AppData/Roaming/npm/node_modules/yarn/lib/cli.js:140883:22)
      at Request.emit (node:events:517:28)
      at Request.<anonymous> (/mnt/c/Users/nicol/AppData/Roaming/npm/node_modules/yarn/lib/cli.js:141855:10)
      at Request.emit (node:events:517:28)
      at IncomingMessage.<anonymous> (/mnt/c/Users/nicol/AppData/Roaming/npm/node_modules/yarn/lib/cli.js:141777:12)
      at Object.onceWrapper (node:events:631:28)
      at IncomingMessage.emit (node:events:529:35)
      at endReadableNT (node:internal/streams/readable:1368:12)
      at process.processTicksAndRejections (node:internal/process/task_queues:82:21)

npm manifest: 
  {
    "name": "vesting-contract",
    "version": "1.0.0",
    "description": "",
    "main": "index.js",
    "scripts": {
      "test": "echo \"Error: no test specified\" && exit 1"
    },
    "keywords": [],
    "author": "",
    "license": "ISC",
    "devDependencies": {
      "@nomicfoundation/hardhat-toolbox": "^4.0.0",
      "hardhat": "^2.19.4"
    }
  }

yarn manifest: 
  No manifest

Lockfile: 
  No lockfile
